<?xml version="1.0" encoding="UTF-8"?>
<coverage generated="1669773851466" clover="3.2.0">
  <project timestamp="1669773851466" name="All files">
    <metrics statements="9" coveredstatements="6" conditionals="2" coveredconditionals="0" methods="3" coveredmethods="1" elements="14" coveredelements="7" complexity="0" loc="9" ncloc="9" packages="1" files="1" classes="1"/>
    <file name="index.js" path="C:\Users\jonat\OneDrive\Escritorio\Proyectos\PracticaJest\src\index.js">
      <metrics statements="9" coveredstatements="6" conditionals="2" coveredconditionals="0" methods="3" coveredmethods="1"/>
      <line num="1" count="1" type="stmt"/>
      <line num="9" count="1" type="stmt"/>
      <line num="10" count="2" type="stmt"/>
      <line num="11" count="2" type="stmt"/>
      <line num="14" count="1" type="stmt"/>
      <line num="15" count="0" type="stmt"/>
      <line num="16" count="0" type="cond" truecount="0" falsecount="2"/>
      <line num="17" count="0" type="stmt"/>
      <line num="21" count="1" type="stmt"/>
    </file>
  </project>
</coverage>
